<?xml version="1.0" encoding="UTF-8"?>
<testng-results skipped="0" failed="0" ignored="0" total="1" passed="1">
  <reporter-output>
    <line>
      <![CDATA[Extent Report Directory/Users/mdtaque/eclipse-workspace/GroupFramework/ebay/target/surefire-reports/html]]>
    </line>
    <line>
      <![CDATA[TestKeywordDriven: test Keyword]]>
    </line>
    <line>
      <![CDATA[HomePage: go To Login Page]]>
    </line>
  </reporter-output>
  <suite name="ebay API Automation Script " duration-ms="11822" started-at="2018-10-14T13:28:32Z" finished-at="2018-10-14T13:28:43Z">
    <groups>
    </groups>
    <test name="DataReader Test" duration-ms="11822" started-at="2018-10-14T13:28:32Z" finished-at="2018-10-14T13:28:43Z">
      <class name="TestLogIn.TestKeywordDriven">
        <test-method status="PASS" signature="extentSetup(org.testng.ITestContext)[pri:0, instance:TestLogIn.TestKeywordDriven@149494d8]" name="extentSetup" is-config="true" duration-ms="124" started-at="2018-10-14T13:28:31Z" finished-at="2018-10-14T13:28:32Z">
          <params>
            <param index="0">
              <value>
                <![CDATA[org.testng.TestRunner@69c79f09]]>
              </value>
            </param>
          </params>
          <reporter-output>
            <line>
              <![CDATA[Extent Report Directory/Users/mdtaque/eclipse-workspace/GroupFramework/ebay/target/surefire-reports/html]]>
            </line>
          </reporter-output>
        </test-method> <!-- extentSetup -->
        <test-method status="PASS" signature="setUp(boolean, java.lang.String, java.lang.String, java.lang.String, java.lang.String, java.lang.String, java.lang.String)[pri:0, instance:TestLogIn.TestKeywordDriven@149494d8]" name="setUp" is-config="true" duration-ms="4962" started-at="2018-10-14T13:28:32Z" finished-at="2018-10-14T13:28:36Z">
          <params>
            <param index="0">
              <value>
                <![CDATA[false]]>
              </value>
            </param>
            <param index="1">
              <value>
                <![CDATA[browserstack]]>
              </value>
            </param>
            <param index="2">
              <value>
                <![CDATA[OS X]]>
              </value>
            </param>
            <param index="3">
              <value>
                <![CDATA[Sierra]]>
              </value>
            </param>
            <param index="4">
              <value>
                <![CDATA[chrome]]>
              </value>
            </param>
            <param index="5">
              <value>
                <![CDATA[69.0]]>
              </value>
            </param>
            <param index="6">
              <value>
                <![CDATA[https://www.ebay.com/]]>
              </value>
            </param>
          </params>
          <reporter-output>
          </reporter-output>
        </test-method> <!-- setUp -->
        <test-method status="PASS" signature="startExtent(java.lang.reflect.Method)[pri:0, instance:TestLogIn.TestKeywordDriven@149494d8]" name="startExtent" is-config="true" duration-ms="7" started-at="2018-10-14T13:28:36Z" finished-at="2018-10-14T13:28:36Z">
          <params>
            <param index="0">
              <value>
                <![CDATA[public void TestLogIn.TestKeywordDriven.testKeyword() throws java.io.IOException,java.lang.InterruptedException]]>
              </value>
            </param>
          </params>
          <reporter-output>
          </reporter-output>
        </test-method> <!-- startExtent -->
        <test-method status="PASS" signature="init()[pri:0, instance:TestLogIn.TestKeywordDriven@149494d8]" name="init" is-config="true" duration-ms="2" started-at="2018-10-14T13:28:36Z" finished-at="2018-10-14T13:28:37Z">
          <reporter-output>
          </reporter-output>
        </test-method> <!-- init -->
        <test-method status="PASS" signature="testKeyword()[pri:0, instance:TestLogIn.TestKeywordDriven@149494d8]" name="testKeyword" duration-ms="6522" started-at="2018-10-14T13:28:37Z" finished-at="2018-10-14T13:28:43Z">
          <reporter-output>
            <line>
              <![CDATA[TestKeywordDriven: test Keyword]]>
            </line>
            <line>
              <![CDATA[HomePage: go To Login Page]]>
            </line>
          </reporter-output>
        </test-method> <!-- testKeyword -->
        <test-method status="PASS" signature="afterEachTestMethod(org.testng.ITestResult)[pri:0, instance:TestLogIn.TestKeywordDriven@149494d8]" name="afterEachTestMethod" is-config="true" duration-ms="313" started-at="2018-10-14T13:28:43Z" finished-at="2018-10-14T13:28:43Z">
          <params>
            <param index="0">
              <value>
                <![CDATA[[TestResult name=testKeyword status=SUCCESS method=TestKeywordDriven.testKeyword()[pri:0, instance:TestLogIn.TestKeywordDriven@149494d8] output=TestKeywordDriven: test Keyword]]]>
              </value>
            </param>
          </params>
          <reporter-output>
          </reporter-output>
        </test-method> <!-- afterEachTestMethod -->
        <test-method status="PASS" signature="cleanUp()[pri:0, instance:TestLogIn.TestKeywordDriven@149494d8]" name="cleanUp" is-config="true" duration-ms="1" started-at="2018-10-14T13:28:43Z" finished-at="2018-10-14T13:28:43Z">
          <reporter-output>
          </reporter-output>
        </test-method> <!-- cleanUp -->
        <test-method status="PASS" signature="generateReport()[pri:0, instance:TestLogIn.TestKeywordDriven@149494d8]" name="generateReport" is-config="true" duration-ms="30" started-at="2018-10-14T13:28:43Z" finished-at="2018-10-14T13:28:43Z">
          <reporter-output>
          </reporter-output>
        </test-method> <!-- generateReport -->
      </class> <!-- TestLogIn.TestKeywordDriven -->
    </test> <!-- DataReader Test -->
  </suite> <!-- ebay API Automation Script  -->
</testng-results>
