<?xml version="1.0" encoding="UTF-8"?>
<testng-results skipped="0" failed="0" ignored="0" total="1" passed="1">
  <reporter-output>
    <line>
      <![CDATA[Extent Report Directory/Users/mdtaque/eclipse-workspace/GroupFramework/AllFeatures/target/surefire-reports/html]]>
    </line>
    <line>
      <![CDATA[TableDataReadTest: table Read]]>
    </line>
    <line>
      <![CDATA[TableDataReadTest: read Table]]>
    </line>
    <line>
      <![CDATA[TableDataReadTest: read Table]]>
    </line>
  </reporter-output>
  <suite name="Features API Automation Script " duration-ms="9865" started-at="2018-10-14T13:29:11Z" finished-at="2018-10-14T13:29:21Z">
    <groups>
    </groups>
    <test name="pop up Test" duration-ms="9865" started-at="2018-10-14T13:29:11Z" finished-at="2018-10-14T13:29:21Z">
      <class name="TestTableDataRead.TableDataReadTest">
        <test-method status="PASS" signature="extentSetup(org.testng.ITestContext)[pri:0, instance:TestTableDataRead.TableDataReadTest@2353b3e6]" name="extentSetup" is-config="true" duration-ms="134" started-at="2018-10-14T13:29:11Z" finished-at="2018-10-14T13:29:11Z">
          <params>
            <param index="0">
              <value>
                <![CDATA[org.testng.TestRunner@37091312]]>
              </value>
            </param>
          </params>
          <reporter-output>
            <line>
              <![CDATA[Extent Report Directory/Users/mdtaque/eclipse-workspace/GroupFramework/AllFeatures/target/surefire-reports/html]]>
            </line>
          </reporter-output>
        </test-method> <!-- extentSetup -->
        <test-method status="PASS" signature="setUp(boolean, java.lang.String, java.lang.String, java.lang.String, java.lang.String, java.lang.String, java.lang.String)[pri:0, instance:TestTableDataRead.TableDataReadTest@2353b3e6]" name="setUp" is-config="true" duration-ms="5504" started-at="2018-10-14T13:29:11Z" finished-at="2018-10-14T13:29:17Z">
          <params>
            <param index="0">
              <value>
                <![CDATA[false]]>
              </value>
            </param>
            <param index="1">
              <value>
                <![CDATA[browserstack]]>
              </value>
            </param>
            <param index="2">
              <value>
                <![CDATA[OS X]]>
              </value>
            </param>
            <param index="3">
              <value>
                <![CDATA[Sierra]]>
              </value>
            </param>
            <param index="4">
              <value>
                <![CDATA[chrome]]>
              </value>
            </param>
            <param index="5">
              <value>
                <![CDATA[69.0]]>
              </value>
            </param>
            <param index="6">
              <value>
                <![CDATA[https://www.piit.us/]]>
              </value>
            </param>
          </params>
          <reporter-output>
          </reporter-output>
        </test-method> <!-- setUp -->
        <test-method status="PASS" signature="startExtent(java.lang.reflect.Method)[pri:0, instance:TestTableDataRead.TableDataReadTest@2353b3e6]" name="startExtent" is-config="true" duration-ms="3" started-at="2018-10-14T13:29:17Z" finished-at="2018-10-14T13:29:17Z">
          <params>
            <param index="0">
              <value>
                <![CDATA[public void TestTableDataRead.TableDataReadTest.tableRead()]]>
              </value>
            </param>
          </params>
          <reporter-output>
          </reporter-output>
        </test-method> <!-- startExtent -->
        <test-method status="PASS" signature="tableRead()[pri:0, instance:TestTableDataRead.TableDataReadTest@2353b3e6]" name="tableRead" duration-ms="4020" started-at="2018-10-14T13:29:17Z" finished-at="2018-10-14T13:29:21Z">
          <reporter-output>
            <line>
              <![CDATA[TableDataReadTest: table Read]]>
            </line>
            <line>
              <![CDATA[TableDataReadTest: read Table]]>
            </line>
            <line>
              <![CDATA[TableDataReadTest: read Table]]>
            </line>
          </reporter-output>
        </test-method> <!-- tableRead -->
        <test-method status="PASS" signature="afterEachTestMethod(org.testng.ITestResult)[pri:0, instance:TestTableDataRead.TableDataReadTest@2353b3e6]" name="afterEachTestMethod" is-config="true" duration-ms="326" started-at="2018-10-14T13:29:21Z" finished-at="2018-10-14T13:29:21Z">
          <params>
            <param index="0">
              <value>
                <![CDATA[[TestResult name=tableRead status=SUCCESS method=TableDataReadTest.tableRead()[pri:0, instance:TestTableDataRead.TableDataReadTest@2353b3e6] output=TableDataReadTest: table Read]]]>
              </value>
            </param>
          </params>
          <reporter-output>
          </reporter-output>
        </test-method> <!-- afterEachTestMethod -->
        <test-method status="PASS" signature="cleanUp()[pri:0, instance:TestTableDataRead.TableDataReadTest@2353b3e6]" name="cleanUp" is-config="true" duration-ms="0" started-at="2018-10-14T13:29:21Z" finished-at="2018-10-14T13:29:21Z">
          <reporter-output>
          </reporter-output>
        </test-method> <!-- cleanUp -->
        <test-method status="PASS" signature="generateReport()[pri:0, instance:TestTableDataRead.TableDataReadTest@2353b3e6]" name="generateReport" is-config="true" duration-ms="28" started-at="2018-10-14T13:29:21Z" finished-at="2018-10-14T13:29:21Z">
          <reporter-output>
          </reporter-output>
        </test-method> <!-- generateReport -->
      </class> <!-- TestTableDataRead.TableDataReadTest -->
    </test> <!-- pop up Test -->
  </suite> <!-- Features API Automation Script  -->
</testng-results>
